<?xml version="1.0" encoding="UTF-8" ?>
<testsuite failures="0" errors="0" skipped="0" tests="1" name="com.readypetgo.app.ReadyPetGo">
<testcase classname="com.readypetgo.app.MyFirstTest">
<system-out>
Test prepared for execution off the EDT
</system-out>
</testcase>
</testsuite>